<?xml version="1.0" encoding="UTF-8"?>
<!-- Generated by org.testng.reporters.JUnitReportReporter -->
<testsuite hostname="Rafia" failures="0" tests="10" name="com.rediff.qa.testcases.LoginTest" time="77.483" errors="0" timestamp="2023-04-10T13:57:01 EDT" skipped="0">
  <testcase classname="com.rediff.qa.testcases.LoginTest" name="verifyRediffLoginWithValidUserNameAndValidPassword" time="9.142"/>
  <system-out/>
  <testcase classname="com.rediff.qa.testcases.LoginTest" name="verifyRediffLoginWithValidUserNameAndValidPassword" time="10.433"/>
  <system-out/>
  <testcase classname="com.rediff.qa.testcases.LoginTest" name="verifyRediffLoginWithValidUserNameAndValidPassword" time="8.916"/>
  <system-out/>
  <testcase classname="com.rediff.qa.testcases.LoginTest" name="verifyRediffLoginWithValidUserNameAndValidPassword" time="11.707"/>
  <system-out/>
  <testcase classname="com.rediff.qa.testcases.LoginTest" name="verifyRediffLoginWithValidUserNameAndValidPassword" time="11.104"/>
  <system-out/>
  <testcase classname="com.rediff.qa.testcases.LoginTest" name="verifyRediffLoginWithInvalidUserNameAndInvalidPassword" time="7.834"/>
  <system-out/>
  <testcase classname="com.rediff.qa.testcases.LoginTest" name="verifyRediffLoginWithValidUserNameAndInvalidPassword" time="4.797"/>
  <system-out/>
  <testcase classname="com.rediff.qa.testcases.LoginTest" name="verifyRediffLoginWithEmptyUserNameAndValidPassword" time="4.682"/>
  <system-out/>
  <testcase classname="com.rediff.qa.testcases.LoginTest" name="verifyRediffLoginWithValidUserNameAndEmptyPassword" time="4.456"/>
  <system-out/>
  <testcase classname="com.rediff.qa.testcases.LoginTest" name="verifyRediffLoginWithEmptyUserNameAndEmptyPassword" time="4.412"/>
  <system-out/>
</testsuite> <!-- com.rediff.qa.testcases.LoginTest -->
